{"level":"info","message":"Starting scheduler...","service":"subscription-service","timestamp":"2025-10-10 02:27:42"}
{"level":"info","message":"Starting subscription processing job","service":"subscription-service","timestamp":"2025-10-10 02:27:42"}
{"level":"info","message":"Scheduled job 'subscriptionJob' to run every 300 seconds","service":"subscription-service","timestamp":"2025-10-10 02:27:42"}
{"level":"info","message":"Scheduler started","service":"subscription-service","timestamp":"2025-10-10 02:27:42"}
{"level":"error","message":"Error in subscription job: Can't use $or with Date.","service":"subscription-service","stack":"Error: Can't use $or with Date.\n    at SchemaDate.castForQuery (C:\\Users\\AdityaPrasadYedida\\Downloads\\My_Project\\server\\node_modules\\mongoose\\lib\\schema\\date.js:416:11)\n    at cast (C:\\Users\\AdityaPrasadYedida\\Downloads\\My_Project\\server\\node_modules\\mongoose\\lib\\cast.js:366:39)\n    at Query.cast (C:\\Users\\AdityaPrasadYedida\\Downloads\\My_Project\\server\\node_modules\\mongoose\\lib\\query.js:4927:12)\n    at Query._castConditions (C:\\Users\\AdityaPrasadYedida\\Downloads\\My_Project\\server\\node_modules\\mongoose\\lib\\query.js:2237:10)\n    at model.Query._find (C:\\Users\\AdityaPrasadYedida\\Downloads\\My_Project\\server\\node_modules\\mongoose\\lib\\query.js:2263:8)\n    at model.Query.exec (C:\\Users\\AdityaPrasadYedida\\Downloads\\My_Project\\server\\node_modules\\mongoose\\lib\\query.js:4447:28)\n    at process.processTicksAndRejections (node:internal/process/task_queues:105:5)\n    at async SubscriptionJob.processSubscriptions (C:\\Users\\AdityaPrasadYedida\\Downloads\\My_Project\\server\\jobs\\subscriptionJob.js:24:29)","timestamp":"2025-10-10 02:27:42"}
{"level":"info","message":"Starting scheduler...","service":"subscription-service","timestamp":"2025-10-10 02:28:02"}
{"level":"info","message":"Starting subscription processing job","service":"subscription-service","timestamp":"2025-10-10 02:28:02"}
{"level":"info","message":"Scheduled job 'subscriptionJob' to run every 300 seconds","service":"subscription-service","timestamp":"2025-10-10 02:28:02"}
{"level":"info","message":"Scheduler started","service":"subscription-service","timestamp":"2025-10-10 02:28:02"}
{"level":"info","message":"Found 0 subscriptions to process","service":"subscription-service","timestamp":"2025-10-10 02:28:02"}
{"level":"info","message":"Subscription job completed. Created 0 orders.","service":"subscription-service","timestamp":"2025-10-10 02:28:02"}
{"level":"info","message":"Starting scheduler...","service":"subscription-service","timestamp":"2025-10-10 02:31:19"}
{"level":"info","message":"Starting subscription processing job","service":"subscription-service","timestamp":"2025-10-10 02:31:19"}
{"level":"info","message":"Scheduled job 'subscriptionJob' to run every 300 seconds","service":"subscription-service","timestamp":"2025-10-10 02:31:19"}
{"level":"info","message":"Scheduler started","service":"subscription-service","timestamp":"2025-10-10 02:31:19"}
{"level":"info","message":"Found 0 subscriptions to process","service":"subscription-service","timestamp":"2025-10-10 02:31:20"}
{"level":"info","message":"Subscription job completed. Created 0 orders.","service":"subscription-service","timestamp":"2025-10-10 02:31:20"}
{"level":"info","message":"Starting scheduler...","service":"subscription-service","timestamp":"2025-10-10 02:31:35"}
{"level":"info","message":"Starting subscription processing job","service":"subscription-service","timestamp":"2025-10-10 02:31:35"}
{"level":"info","message":"Starting subscription order processing","service":"subscription-service","timestamp":"2025-10-10 02:31:35"}
{"level":"info","message":"Scheduled job 'subscriptionJob' to run every 300 seconds","service":"subscription-service","timestamp":"2025-10-10 02:31:35"}
{"level":"info","message":"Scheduler started","service":"subscription-service","timestamp":"2025-10-10 02:31:35"}
{"level":"info","message":"Found 0 subscriptions to process","service":"subscription-service","timestamp":"2025-10-10 02:31:35"}
{"level":"info","message":"Subscription order processing completed. Created 0 orders.","service":"subscription-service","timestamp":"2025-10-10 02:31:35"}
{"level":"info","message":"Subscription job completed. 0 orders created.","service":"subscription-service","timestamp":"2025-10-10 02:31:35"}
{"level":"info","message":"Starting scheduler...","service":"subscription-service","timestamp":"2025-10-10 02:31:43"}
{"level":"info","message":"Starting subscription processing job","service":"subscription-service","timestamp":"2025-10-10 02:31:43"}
{"level":"info","message":"Starting subscription order processing","service":"subscription-service","timestamp":"2025-10-10 02:31:43"}
{"level":"info","message":"Scheduled job 'subscriptionJob' to run every 300 seconds","service":"subscription-service","timestamp":"2025-10-10 02:31:43"}
{"level":"info","message":"Scheduler started","service":"subscription-service","timestamp":"2025-10-10 02:31:43"}
{"level":"info","message":"Found 0 subscriptions to process","service":"subscription-service","timestamp":"2025-10-10 02:31:44"}
{"level":"info","message":"Subscription order processing completed. Created 0 orders.","service":"subscription-service","timestamp":"2025-10-10 02:31:44"}
{"level":"info","message":"Subscription job completed. 0 orders created.","service":"subscription-service","timestamp":"2025-10-10 02:31:44"}
{"level":"info","message":"Starting scheduler...","service":"subscription-service","timestamp":"2025-10-10 02:32:57"}
{"level":"info","message":"Starting subscription processing job","service":"subscription-service","timestamp":"2025-10-10 02:32:57"}
{"level":"info","message":"Starting subscription order processing","service":"subscription-service","timestamp":"2025-10-10 02:32:57"}
{"level":"info","message":"Scheduled job 'subscriptionJob' to run every 300 seconds","service":"subscription-service","timestamp":"2025-10-10 02:32:57"}
{"level":"info","message":"Scheduler started","service":"subscription-service","timestamp":"2025-10-10 02:32:57"}
{"level":"info","message":"Found 0 subscriptions to process","service":"subscription-service","timestamp":"2025-10-10 02:32:58"}
{"level":"info","message":"Subscription order processing completed. Created 0 orders.","service":"subscription-service","timestamp":"2025-10-10 02:32:58"}
{"level":"info","message":"Subscription job completed. 0 orders created.","service":"subscription-service","timestamp":"2025-10-10 02:32:58"}
{"level":"info","message":"Starting scheduler...","service":"subscription-service","timestamp":"2025-10-10 02:36:02"}
{"level":"info","message":"Starting subscription processing job","service":"subscription-service","timestamp":"2025-10-10 02:36:02"}
{"level":"info","message":"Starting subscription order processing","service":"subscription-service","timestamp":"2025-10-10 02:36:02"}
{"level":"info","message":"Scheduled job 'subscriptionJob' to run every 300 seconds","service":"subscription-service","timestamp":"2025-10-10 02:36:02"}
{"level":"info","message":"Scheduler started","service":"subscription-service","timestamp":"2025-10-10 02:36:02"}
{"level":"info","message":"Found 0 subscriptions to process","service":"subscription-service","timestamp":"2025-10-10 02:36:02"}
{"level":"info","message":"Subscription order processing completed. Created 0 orders.","service":"subscription-service","timestamp":"2025-10-10 02:36:02"}
{"level":"info","message":"Subscription job completed. 0 orders created.","service":"subscription-service","timestamp":"2025-10-10 02:36:02"}
{"level":"info","message":"Starting scheduler...","service":"subscription-service","timestamp":"2025-10-10 02:39:18"}
{"level":"info","message":"Starting subscription processing job","service":"subscription-service","timestamp":"2025-10-10 02:39:18"}
{"level":"info","message":"Starting subscription order processing","service":"subscription-service","timestamp":"2025-10-10 02:39:18"}
{"level":"info","message":"Scheduled job 'subscriptionJob' to run every 300 seconds","service":"subscription-service","timestamp":"2025-10-10 02:39:18"}
{"level":"info","message":"Scheduler started","service":"subscription-service","timestamp":"2025-10-10 02:39:18"}
{"level":"info","message":"Found 0 subscriptions to process","service":"subscription-service","timestamp":"2025-10-10 02:39:18"}
{"level":"info","message":"Subscription order processing completed. Created 0 orders.","service":"subscription-service","timestamp":"2025-10-10 02:39:18"}
{"level":"info","message":"Subscription job completed. 0 orders created.","service":"subscription-service","timestamp":"2025-10-10 02:39:18"}
{"level":"info","message":"Starting scheduler...","service":"subscription-service","timestamp":"2025-10-10 02:39:37"}
{"level":"info","message":"Starting subscription processing job","service":"subscription-service","timestamp":"2025-10-10 02:39:37"}
{"level":"info","message":"Starting subscription order processing","service":"subscription-service","timestamp":"2025-10-10 02:39:37"}
{"level":"info","message":"Scheduled job 'subscriptionJob' to run every 300 seconds","service":"subscription-service","timestamp":"2025-10-10 02:39:37"}
{"level":"info","message":"Scheduler started","service":"subscription-service","timestamp":"2025-10-10 02:39:37"}
{"level":"info","message":"Found 0 subscriptions to process","service":"subscription-service","timestamp":"2025-10-10 02:39:37"}
{"level":"info","message":"Subscription order processing completed. Created 0 orders.","service":"subscription-service","timestamp":"2025-10-10 02:39:37"}
{"level":"info","message":"Subscription job completed. 0 orders created.","service":"subscription-service","timestamp":"2025-10-10 02:39:37"}
{"level":"info","message":"Starting subscription processing job","service":"subscription-service","timestamp":"2025-10-10 02:44:37"}
{"level":"info","message":"Starting subscription order processing","service":"subscription-service","timestamp":"2025-10-10 02:44:37"}
{"level":"info","message":"Found 0 subscriptions to process","service":"subscription-service","timestamp":"2025-10-10 02:44:37"}
{"level":"info","message":"Subscription order processing completed. Created 0 orders.","service":"subscription-service","timestamp":"2025-10-10 02:44:37"}
{"level":"info","message":"Subscription job completed. 0 orders created.","service":"subscription-service","timestamp":"2025-10-10 02:44:37"}
{"level":"info","message":"Starting scheduler...","service":"subscription-service","timestamp":"2025-10-10 02:46:38"}
{"level":"info","message":"Starting subscription processing job","service":"subscription-service","timestamp":"2025-10-10 02:46:38"}
{"level":"info","message":"Starting subscription order processing","service":"subscription-service","timestamp":"2025-10-10 02:46:38"}
{"level":"info","message":"Scheduled job 'subscriptionJob' to run every 300 seconds","service":"subscription-service","timestamp":"2025-10-10 02:46:38"}
{"level":"info","message":"Scheduler started","service":"subscription-service","timestamp":"2025-10-10 02:46:38"}
{"level":"info","message":"Found 0 subscriptions to process","service":"subscription-service","timestamp":"2025-10-10 02:46:38"}
{"level":"info","message":"Subscription order processing completed. Created 0 orders.","service":"subscription-service","timestamp":"2025-10-10 02:46:38"}
{"level":"info","message":"Subscription job completed. 0 orders created.","service":"subscription-service","timestamp":"2025-10-10 02:46:38"}
{"level":"info","message":"Starting subscription scheduler with schedule: */5 * * * *","service":"subscription-service","timestamp":"2025-10-10 02:51:24"}
{"level":"info","message":"Starting subscription order processing","service":"subscription-service","timestamp":"2025-10-10 02:51:24"}
{"level":"info","message":"[2025-10-09T21:21:24.634Z] Starting subscription order processing","service":"subscription-service","timestamp":"2025-10-10 02:51:24"}
{"level":"info","message":"Found 0 subscriptions to process","service":"subscription-service","timestamp":"2025-10-10 02:51:24"}
{"level":"info","message":"Completed subscription processing. Orders created: 0, Errors: 0","service":"subscription-service","timestamp":"2025-10-10 02:51:24"}
{"level":"info","message":"Completed subscription processing in 0.20s. Processed: 0, Orders created: 0, Errors: 0","service":"subscription-service","timestamp":"2025-10-10 02:51:24"}
{"level":"info","message":"Starting subscription scheduler with schedule: */5 * * * *","service":"subscription-service","timestamp":"2025-10-10 02:52:51"}
{"level":"info","message":"Starting subscription order processing","service":"subscription-service","timestamp":"2025-10-10 02:52:51"}
{"level":"info","message":"[2025-10-09T21:22:51.014Z] Starting subscription order processing","service":"subscription-service","timestamp":"2025-10-10 02:52:51"}
{"level":"info","message":"Found 0 subscriptions to process","service":"subscription-service","timestamp":"2025-10-10 02:52:51"}
{"level":"info","message":"Completed subscription processing. Orders created: 0, Errors: 0","service":"subscription-service","timestamp":"2025-10-10 02:52:51"}
{"level":"info","message":"Completed subscription processing in 0.39s. Processed: 0, Orders created: 0, Errors: 0","service":"subscription-service","timestamp":"2025-10-10 02:52:51"}
{"level":"info","message":"Starting subscription scheduler with schedule: */5 * * * *","service":"subscription-service","timestamp":"2025-10-10 02:53:27"}
{"level":"info","message":"Starting subscription order processing","service":"subscription-service","timestamp":"2025-10-10 02:53:27"}
{"level":"info","message":"[2025-10-09T21:23:27.325Z] Starting subscription order processing","service":"subscription-service","timestamp":"2025-10-10 02:53:27"}
{"level":"info","message":"Found 0 subscriptions to process","service":"subscription-service","timestamp":"2025-10-10 02:53:27"}
{"level":"info","message":"Completed subscription processing. Orders created: 0, Errors: 0","service":"subscription-service","timestamp":"2025-10-10 02:53:27"}
{"level":"info","message":"Completed subscription processing in 0.39s. Processed: 0, Orders created: 0, Errors: 0","service":"subscription-service","timestamp":"2025-10-10 02:53:27"}
{"level":"info","message":"Starting subscription scheduler with schedule: */5 * * * *","service":"subscription-service","timestamp":"2025-10-10 02:54:54"}
{"level":"info","message":"Starting subscription order processing","service":"subscription-service","timestamp":"2025-10-10 02:54:54"}
{"level":"info","message":"[2025-10-09T21:24:54.693Z] Starting subscription order processing","service":"subscription-service","timestamp":"2025-10-10 02:54:54"}
{"level":"info","message":"Found 0 subscriptions to process","service":"subscription-service","timestamp":"2025-10-10 02:54:55"}
{"level":"info","message":"Completed subscription processing. Orders created: 0, Errors: 0","service":"subscription-service","timestamp":"2025-10-10 02:54:55"}
{"level":"info","message":"Completed subscription processing in 0.39s. Processed: 0, Orders created: 0, Errors: 0","service":"subscription-service","timestamp":"2025-10-10 02:54:55"}
{"level":"info","message":"Starting subscription order processing","service":"subscription-service","timestamp":"2025-10-10 02:55:00"}
{"level":"info","message":"[2025-10-09T21:25:00.027Z] Starting subscription order processing","service":"subscription-service","timestamp":"2025-10-10 02:55:00"}
{"level":"info","message":"Found 0 subscriptions to process","service":"subscription-service","timestamp":"2025-10-10 02:55:00"}
{"level":"info","message":"Completed subscription processing. Orders created: 0, Errors: 0","service":"subscription-service","timestamp":"2025-10-10 02:55:00"}
{"level":"info","message":"Completed subscription processing in 0.03s. Processed: 0, Orders created: 0, Errors: 0","service":"subscription-service","timestamp":"2025-10-10 02:55:00"}
{"level":"info","message":"Starting subscription order processing","service":"subscription-service","timestamp":"2025-10-10 03:00:00"}
{"level":"info","message":"[2025-10-09T21:30:00.010Z] Starting subscription order processing","service":"subscription-service","timestamp":"2025-10-10 03:00:00"}
{"level":"info","message":"Found 0 subscriptions to process","service":"subscription-service","timestamp":"2025-10-10 03:00:00"}
{"level":"info","message":"Completed subscription processing. Orders created: 0, Errors: 0","service":"subscription-service","timestamp":"2025-10-10 03:00:00"}
{"level":"info","message":"Completed subscription processing in 0.03s. Processed: 0, Orders created: 0, Errors: 0","service":"subscription-service","timestamp":"2025-10-10 03:00:00"}
{"level":"info","message":"Starting subscription scheduler with schedule: */5 * * * *","service":"subscription-service","timestamp":"2025-10-10 03:01:13"}
{"level":"info","message":"Starting subscription order processing","service":"subscription-service","timestamp":"2025-10-10 03:01:13"}
{"level":"info","message":"[2025-10-09T21:31:13.759Z] Starting subscription order processing","service":"subscription-service","timestamp":"2025-10-10 03:01:13"}
{"level":"info","message":"Found 0 subscriptions to process","service":"subscription-service","timestamp":"2025-10-10 03:01:13"}
{"level":"info","message":"Completed subscription processing. Orders created: 0, Errors: 0","service":"subscription-service","timestamp":"2025-10-10 03:01:13"}
{"level":"info","message":"Completed subscription processing in 0.20s. Processed: 0, Orders created: 0, Errors: 0","service":"subscription-service","timestamp":"2025-10-10 03:01:13"}
{"level":"info","message":"Starting subscription scheduler with schedule: */5 * * * *","service":"subscription-service","timestamp":"2025-10-10 03:01:41"}
{"level":"info","message":"Starting subscription order processing","service":"subscription-service","timestamp":"2025-10-10 03:01:41"}
{"level":"error","message":"Error in subscription processing: SubscriptionOrderService.processSubscriptionOrders is not a function","service":"subscription-service","stack":"TypeError: SubscriptionOrderService.processSubscriptionOrders is not a function\n    at SubscriptionScheduler.processSubscriptions (C:\\Users\\AdityaPrasadYedida\\Downloads\\My_Project\\server\\jobs\\subscriptionScheduler.js:61:53)\n    at SubscriptionScheduler.start (C:\\Users\\AdityaPrasadYedida\\Downloads\\My_Project\\server\\jobs\\subscriptionScheduler.js:24:10)\n    at C:\\Users\\AdityaPrasadYedida\\Downloads\\My_Project\\server\\server.js:43:27\n    at process.processTicksAndRejections (node:internal/process/task_queues:105:5)","timestamp":"2025-10-10 03:01:41"}
{"level":"info","message":"Starting subscription scheduler with schedule: */5 * * * *","service":"subscription-service","timestamp":"2025-10-10 03:02:13"}
{"level":"info","message":"Starting subscription order processing","service":"subscription-service","timestamp":"2025-10-10 03:02:13"}
{"level":"error","message":"Error in subscription processing: SubscriptionOrderService.processSubscriptionOrders is not a function","service":"subscription-service","stack":"TypeError: SubscriptionOrderService.processSubscriptionOrders is not a function\n    at SubscriptionScheduler.processSubscriptions (C:\\Users\\AdityaPrasadYedida\\Downloads\\My_Project\\server\\jobs\\subscriptionScheduler.js:61:53)\n    at SubscriptionScheduler.start (C:\\Users\\AdityaPrasadYedida\\Downloads\\My_Project\\server\\jobs\\subscriptionScheduler.js:24:10)\n    at C:\\Users\\AdityaPrasadYedida\\Downloads\\My_Project\\server\\server.js:43:27\n    at process.processTicksAndRejections (node:internal/process/task_queues:105:5)","timestamp":"2025-10-10 03:02:13"}
{"level":"info","message":"Starting subscription scheduler with schedule: */5 * * * *","service":"subscription-service","timestamp":"2025-10-10 03:02:44"}
{"level":"info","message":"Starting subscription order processing","service":"subscription-service","timestamp":"2025-10-10 03:02:44"}
{"level":"error","message":"Error in subscription processing: SubscriptionOrderService.processSubscriptionOrders is not a function","service":"subscription-service","stack":"TypeError: SubscriptionOrderService.processSubscriptionOrders is not a function\n    at SubscriptionScheduler.processSubscriptions (C:\\Users\\AdityaPrasadYedida\\Downloads\\My_Project\\server\\jobs\\subscriptionScheduler.js:61:53)\n    at SubscriptionScheduler.start (C:\\Users\\AdityaPrasadYedida\\Downloads\\My_Project\\server\\jobs\\subscriptionScheduler.js:24:10)\n    at C:\\Users\\AdityaPrasadYedida\\Downloads\\My_Project\\server\\server.js:43:27\n    at process.processTicksAndRejections (node:internal/process/task_queues:105:5)","timestamp":"2025-10-10 03:02:44"}
{"level":"info","message":"Starting subscription scheduler with schedule: */5 * * * *","service":"subscription-service","timestamp":"2025-10-10 03:05:05"}
{"level":"info","message":"Starting subscription order processing","service":"subscription-service","timestamp":"2025-10-10 03:05:05"}
{"level":"error","message":"Error in subscription processing: SubscriptionOrderService.processSubscriptionOrders is not a function","service":"subscription-service","stack":"TypeError: SubscriptionOrderService.processSubscriptionOrders is not a function\n    at SubscriptionScheduler.processSubscriptions (C:\\Users\\AdityaPrasadYedida\\Downloads\\My_Project\\server\\jobs\\subscriptionScheduler.js:61:53)\n    at SubscriptionScheduler.start (C:\\Users\\AdityaPrasadYedida\\Downloads\\My_Project\\server\\jobs\\subscriptionScheduler.js:24:10)\n    at C:\\Users\\AdityaPrasadYedida\\Downloads\\My_Project\\server\\server.js:43:27\n    at process.processTicksAndRejections (node:internal/process/task_queues:105:5)","timestamp":"2025-10-10 03:05:05"}
{"level":"info","message":"Starting subscription scheduler with schedule: */5 * * * *","service":"subscription-service","timestamp":"2025-10-10 03:06:42"}
{"level":"info","message":"Starting subscription order processing","service":"subscription-service","timestamp":"2025-10-10 03:06:42"}
{"level":"info","message":"[2025-10-09T21:36:42.273Z] Starting subscription order processing","service":"subscription-service","timestamp":"2025-10-10 03:06:42"}
{"level":"info","message":"Found 0 subscriptions to process","service":"subscription-service","timestamp":"2025-10-10 03:06:42"}
{"level":"info","message":"Completed subscription processing. Orders created: 0, Errors: 0","service":"subscription-service","timestamp":"2025-10-10 03:06:42"}
{"level":"info","message":"Completed subscription processing in 0.36s. Processed: 0, Orders created: 0, Errors: 0","service":"subscription-service","timestamp":"2025-10-10 03:06:42"}
{"level":"info","message":"Starting subscription order processing","service":"subscription-service","timestamp":"2025-10-10 03:10:00"}
{"level":"info","message":"[2025-10-09T21:40:00.020Z] Starting subscription order processing","service":"subscription-service","timestamp":"2025-10-10 03:10:00"}
{"level":"info","message":"Found 0 subscriptions to process","service":"subscription-service","timestamp":"2025-10-10 03:10:00"}
{"level":"info","message":"Completed subscription processing. Orders created: 0, Errors: 0","service":"subscription-service","timestamp":"2025-10-10 03:10:00"}
{"level":"info","message":"Completed subscription processing in 0.03s. Processed: 0, Orders created: 0, Errors: 0","service":"subscription-service","timestamp":"2025-10-10 03:10:00"}
{"level":"info","message":"Starting subscription scheduler with schedule: */5 * * * *","service":"subscription-service","timestamp":"2025-10-10 03:10:51"}
{"level":"info","message":"Starting subscription order processing","service":"subscription-service","timestamp":"2025-10-10 03:10:51"}
{"level":"info","message":"[2025-10-09T21:40:51.297Z] Starting subscription order processing","service":"subscription-service","timestamp":"2025-10-10 03:10:51"}
{"level":"info","message":"Found 0 subscriptions to process","service":"subscription-service","timestamp":"2025-10-10 03:10:51"}
{"level":"info","message":"Completed subscription processing. Orders created: 0, Errors: 0","service":"subscription-service","timestamp":"2025-10-10 03:10:51"}
{"level":"info","message":"Completed subscription processing in 0.53s. Processed: 0, Orders created: 0, Errors: 0","service":"subscription-service","timestamp":"2025-10-10 03:10:51"}
{"level":"info","message":"Starting subscription scheduler with schedule: */5 * * * *","service":"subscription-service","timestamp":"2025-10-10 03:11:11"}
{"level":"info","message":"Starting subscription order processing","service":"subscription-service","timestamp":"2025-10-10 03:11:11"}
{"level":"info","message":"[2025-10-09T21:41:11.509Z] Starting subscription order processing","service":"subscription-service","timestamp":"2025-10-10 03:11:11"}
{"level":"info","message":"Found 0 subscriptions to process","service":"subscription-service","timestamp":"2025-10-10 03:11:11"}
{"level":"info","message":"Completed subscription processing. Orders created: 0, Errors: 0","service":"subscription-service","timestamp":"2025-10-10 03:11:11"}
{"level":"info","message":"Completed subscription processing in 0.23s. Processed: 0, Orders created: 0, Errors: 0","service":"subscription-service","timestamp":"2025-10-10 03:11:11"}
{"level":"info","message":"Starting subscription scheduler with schedule: */5 * * * *","service":"subscription-service","timestamp":"2025-10-10 03:11:37"}
{"level":"info","message":"Starting subscription order processing","service":"subscription-service","timestamp":"2025-10-10 03:11:37"}
{"level":"info","message":"[2025-10-09T21:41:37.708Z] Starting subscription order processing","service":"subscription-service","timestamp":"2025-10-10 03:11:37"}
{"level":"info","message":"Found 0 subscriptions to process","service":"subscription-service","timestamp":"2025-10-10 03:11:38"}
{"level":"info","message":"Completed subscription processing. Orders created: 0, Errors: 0","service":"subscription-service","timestamp":"2025-10-10 03:11:38"}
{"level":"info","message":"Completed subscription processing in 0.42s. Processed: 0, Orders created: 0, Errors: 0","service":"subscription-service","timestamp":"2025-10-10 03:11:38"}
{"level":"info","message":"Starting subscription order processing","service":"subscription-service","timestamp":"2025-10-10 03:15:00"}
{"level":"info","message":"[2025-10-09T21:45:00.032Z] Starting subscription order processing","service":"subscription-service","timestamp":"2025-10-10 03:15:00"}
{"level":"info","message":"Found 0 subscriptions to process","service":"subscription-service","timestamp":"2025-10-10 03:15:00"}
{"level":"info","message":"Completed subscription processing. Orders created: 0, Errors: 0","service":"subscription-service","timestamp":"2025-10-10 03:15:00"}
{"level":"info","message":"Completed subscription processing in 0.03s. Processed: 0, Orders created: 0, Errors: 0","service":"subscription-service","timestamp":"2025-10-10 03:15:00"}
{"level":"info","message":"Starting subscription scheduler with schedule: */5 * * * *","service":"subscription-service","timestamp":"2025-10-10 03:17:28"}
{"level":"info","message":"Starting subscription order processing","service":"subscription-service","timestamp":"2025-10-10 03:17:28"}
{"level":"info","message":"[2025-10-09T21:47:28.762Z] Starting subscription order processing","service":"subscription-service","timestamp":"2025-10-10 03:17:28"}
{"level":"info","message":"Found 0 subscriptions to process","service":"subscription-service","timestamp":"2025-10-10 03:17:29"}
{"level":"info","message":"Completed subscription processing. Orders created: 0, Errors: 0","service":"subscription-service","timestamp":"2025-10-10 03:17:29"}
{"level":"info","message":"Completed subscription processing in 0.42s. Processed: 0, Orders created: 0, Errors: 0","service":"subscription-service","timestamp":"2025-10-10 03:17:29"}
{"level":"info","message":"Starting subscription scheduler with schedule: */5 * * * *","service":"subscription-service","timestamp":"2025-10-10 03:17:35"}
{"level":"info","message":"Starting subscription order processing","service":"subscription-service","timestamp":"2025-10-10 03:17:35"}
{"level":"info","message":"[2025-10-09T21:47:35.449Z] Starting subscription order processing","service":"subscription-service","timestamp":"2025-10-10 03:17:35"}
{"level":"info","message":"Found 0 subscriptions to process","service":"subscription-service","timestamp":"2025-10-10 03:17:35"}
{"level":"info","message":"Completed subscription processing. Orders created: 0, Errors: 0","service":"subscription-service","timestamp":"2025-10-10 03:17:35"}
{"level":"info","message":"Completed subscription processing in 0.22s. Processed: 0, Orders created: 0, Errors: 0","service":"subscription-service","timestamp":"2025-10-10 03:17:35"}
{"level":"info","message":"Starting subscription scheduler with schedule: */5 * * * *","service":"subscription-service","timestamp":"2025-10-10 03:17:40"}
{"level":"info","message":"Starting subscription order processing","service":"subscription-service","timestamp":"2025-10-10 03:17:40"}
{"level":"info","message":"[2025-10-09T21:47:40.935Z] Starting subscription order processing","service":"subscription-service","timestamp":"2025-10-10 03:17:40"}
{"level":"info","message":"Found 0 subscriptions to process","service":"subscription-service","timestamp":"2025-10-10 03:17:41"}
{"level":"info","message":"Completed subscription processing. Orders created: 0, Errors: 0","service":"subscription-service","timestamp":"2025-10-10 03:17:41"}
{"level":"info","message":"Completed subscription processing in 0.44s. Processed: 0, Orders created: 0, Errors: 0","service":"subscription-service","timestamp":"2025-10-10 03:17:41"}
{"level":"info","message":"Starting subscription order processing","service":"subscription-service","timestamp":"2025-10-10 03:20:00"}
{"level":"info","message":"[2025-10-09T21:50:00.026Z] Starting subscription order processing","service":"subscription-service","timestamp":"2025-10-10 03:20:00"}
{"level":"info","message":"Found 0 subscriptions to process","service":"subscription-service","timestamp":"2025-10-10 03:20:00"}
{"level":"info","message":"Completed subscription processing. Orders created: 0, Errors: 0","service":"subscription-service","timestamp":"2025-10-10 03:20:00"}
{"level":"info","message":"Completed subscription processing in 0.02s. Processed: 0, Orders created: 0, Errors: 0","service":"subscription-service","timestamp":"2025-10-10 03:20:00"}
{"level":"info","message":"Starting subscription scheduler with schedule: */5 * * * *","service":"subscription-service","timestamp":"2025-10-10 03:20:42"}
{"level":"info","message":"Starting subscription order processing","service":"subscription-service","timestamp":"2025-10-10 03:20:42"}
{"level":"info","message":"[2025-10-09T21:50:42.443Z] Starting subscription order processing","service":"subscription-service","timestamp":"2025-10-10 03:20:42"}
{"level":"info","message":"Found 0 subscriptions to process","service":"subscription-service","timestamp":"2025-10-10 03:20:42"}
{"level":"info","message":"Completed subscription processing. Orders created: 0, Errors: 0","service":"subscription-service","timestamp":"2025-10-10 03:20:42"}
{"level":"info","message":"Completed subscription processing in 0.21s. Processed: 0, Orders created: 0, Errors: 0","service":"subscription-service","timestamp":"2025-10-10 03:20:42"}
{"level":"info","message":"Starting subscription scheduler with schedule: */5 * * * *","service":"subscription-service","timestamp":"2025-10-10 03:25:06"}
{"level":"info","message":"Starting subscription order processing","service":"subscription-service","timestamp":"2025-10-10 03:25:06"}
{"level":"info","message":"[2025-10-09T21:55:06.070Z] Starting subscription order processing","service":"subscription-service","timestamp":"2025-10-10 03:25:06"}
{"level":"info","message":"Found 0 subscriptions to process","service":"subscription-service","timestamp":"2025-10-10 03:25:06"}
{"level":"info","message":"Completed subscription processing. Orders created: 0, Errors: 0","service":"subscription-service","timestamp":"2025-10-10 03:25:06"}
{"level":"info","message":"Completed subscription processing in 0.22s. Processed: 0, Orders created: 0, Errors: 0","service":"subscription-service","timestamp":"2025-10-10 03:25:06"}
{"level":"info","message":"Starting subscription scheduler with schedule: */5 * * * *","service":"subscription-service","timestamp":"2025-10-10 03:27:15"}
{"level":"info","message":"Starting subscription order processing","service":"subscription-service","timestamp":"2025-10-10 03:27:15"}
{"level":"info","message":"[2025-10-09T21:57:15.077Z] Starting subscription order processing","service":"subscription-service","timestamp":"2025-10-10 03:27:15"}
{"level":"info","message":"Found 0 subscriptions to process","service":"subscription-service","timestamp":"2025-10-10 03:27:15"}
{"level":"info","message":"Completed subscription processing. Orders created: 0, Errors: 0","service":"subscription-service","timestamp":"2025-10-10 03:27:15"}
{"level":"info","message":"Completed subscription processing in 0.26s. Processed: 0, Orders created: 0, Errors: 0","service":"subscription-service","timestamp":"2025-10-10 03:27:15"}
{"level":"info","message":"Starting subscription order processing","service":"subscription-service","timestamp":"2025-10-10 03:30:00"}
{"level":"info","message":"[2025-10-09T22:00:00.018Z] Starting subscription order processing","service":"subscription-service","timestamp":"2025-10-10 03:30:00"}
{"level":"info","message":"Found 0 subscriptions to process","service":"subscription-service","timestamp":"2025-10-10 03:30:00"}
{"level":"info","message":"Completed subscription processing. Orders created: 0, Errors: 0","service":"subscription-service","timestamp":"2025-10-10 03:30:00"}
{"level":"info","message":"Completed subscription processing in 0.03s. Processed: 0, Orders created: 0, Errors: 0","service":"subscription-service","timestamp":"2025-10-10 03:30:00"}
{"level":"info","message":"Starting subscription scheduler with schedule: */5 * * * *","service":"subscription-service","timestamp":"2025-10-10 03:31:41"}
{"level":"info","message":"Starting subscription order processing","service":"subscription-service","timestamp":"2025-10-10 03:31:41"}
{"level":"info","message":"[2025-10-09T22:01:41.736Z] Starting subscription order processing","service":"subscription-service","timestamp":"2025-10-10 03:31:41"}
{"level":"info","message":"Found 0 subscriptions to process","service":"subscription-service","timestamp":"2025-10-10 03:31:42"}
{"level":"info","message":"Completed subscription processing. Orders created: 0, Errors: 0","service":"subscription-service","timestamp":"2025-10-10 03:31:42"}
{"level":"info","message":"Completed subscription processing in 0.52s. Processed: 0, Orders created: 0, Errors: 0","service":"subscription-service","timestamp":"2025-10-10 03:31:42"}
{"level":"info","message":"Starting subscription scheduler with schedule: */5 * * * *","service":"subscription-service","timestamp":"2025-10-10 03:32:26"}
{"level":"info","message":"Starting subscription order processing","service":"subscription-service","timestamp":"2025-10-10 03:32:26"}
{"level":"info","message":"[2025-10-09T22:02:26.073Z] Starting subscription order processing","service":"subscription-service","timestamp":"2025-10-10 03:32:26"}
{"level":"info","message":"Found 0 subscriptions to process","service":"subscription-service","timestamp":"2025-10-10 03:32:26"}
{"level":"info","message":"Completed subscription processing. Orders created: 0, Errors: 0","service":"subscription-service","timestamp":"2025-10-10 03:32:26"}
{"level":"info","message":"Completed subscription processing in 0.41s. Processed: 0, Orders created: 0, Errors: 0","service":"subscription-service","timestamp":"2025-10-10 03:32:26"}
{"level":"info","message":"Starting subscription order processing","service":"subscription-service","timestamp":"2025-10-10 03:35:00"}
{"level":"info","message":"[2025-10-09T22:05:00.029Z] Starting subscription order processing","service":"subscription-service","timestamp":"2025-10-10 03:35:00"}
{"level":"info","message":"Found 0 subscriptions to process","service":"subscription-service","timestamp":"2025-10-10 03:35:00"}
{"level":"info","message":"Completed subscription processing. Orders created: 0, Errors: 0","service":"subscription-service","timestamp":"2025-10-10 03:35:00"}
{"level":"info","message":"Completed subscription processing in 0.03s. Processed: 0, Orders created: 0, Errors: 0","service":"subscription-service","timestamp":"2025-10-10 03:35:00"}
{"level":"info","message":"Starting subscription order processing","service":"subscription-service","timestamp":"2025-10-10 03:40:00"}
{"level":"info","message":"[2025-10-09T22:10:00.020Z] Starting subscription order processing","service":"subscription-service","timestamp":"2025-10-10 03:40:00"}
{"level":"info","message":"Found 0 subscriptions to process","service":"subscription-service","timestamp":"2025-10-10 03:40:00"}
{"level":"info","message":"Completed subscription processing. Orders created: 0, Errors: 0","service":"subscription-service","timestamp":"2025-10-10 03:40:00"}
{"level":"info","message":"Completed subscription processing in 0.03s. Processed: 0, Orders created: 0, Errors: 0","service":"subscription-service","timestamp":"2025-10-10 03:40:00"}
{"level":"info","message":"Starting subscription order processing","service":"subscription-service","timestamp":"2025-10-10 03:45:00"}
{"level":"info","message":"[2025-10-09T22:15:00.023Z] Starting subscription order processing","service":"subscription-service","timestamp":"2025-10-10 03:45:00"}
{"level":"info","message":"Found 0 subscriptions to process","service":"subscription-service","timestamp":"2025-10-10 03:45:00"}
{"level":"info","message":"Completed subscription processing. Orders created: 0, Errors: 0","service":"subscription-service","timestamp":"2025-10-10 03:45:00"}
{"level":"info","message":"Completed subscription processing in 0.02s. Processed: 0, Orders created: 0, Errors: 0","service":"subscription-service","timestamp":"2025-10-10 03:45:00"}
{"level":"info","message":"Starting subscription scheduler with schedule: */5 * * * *","service":"subscription-service","timestamp":"2025-10-21 10:55:53"}
{"level":"info","message":"Starting subscription order processing","service":"subscription-service","timestamp":"2025-10-21 10:55:53"}
{"level":"info","message":"[2025-10-21T05:25:53.482Z] Starting subscription order processing","service":"subscription-service","timestamp":"2025-10-21 10:55:53"}
{"level":"info","message":"Found 2 subscriptions to process","service":"subscription-service","timestamp":"2025-10-21 10:55:53"}
{"_message":"SubscriptionOrder validation failed","errors":{"orderNumber":{"kind":"required","message":"Path `orderNumber` is required.","name":"ValidatorError","path":"orderNumber","properties":{"message":"Path `orderNumber` is required.","path":"orderNumber","type":"required"}}},"level":"error","message":"Error in createSubscriptionOrder: SubscriptionOrder validation failed: orderNumber: Path `orderNumber` is required.","service":"subscription-service","stack":"ValidationError: SubscriptionOrder validation failed: orderNumber: Path `orderNumber` is required.\n    at Document.invalidate (C:\\Users\\AdityaPrasadYedida\\Downloads\\My_Project\\server\\node_modules\\mongoose\\lib\\document.js:3219:32)\n    at C:\\Users\\AdityaPrasadYedida\\Downloads\\My_Project\\server\\node_modules\\mongoose\\lib\\document.js:3012:17\n    at C:\\Users\\AdityaPrasadYedida\\Downloads\\My_Project\\server\\node_modules\\mongoose\\lib\\schematype.js:1368:9\n    at process.processTicksAndRejections (node:internal/process/task_queues:85:11)","timestamp":"2025-10-21 10:55:53"}
{"_message":"SubscriptionOrder validation failed","errors":{"orderNumber":{"kind":"required","message":"Path `orderNumber` is required.","name":"ValidatorError","path":"orderNumber","properties":{"message":"Path `orderNumber` is required.","path":"orderNumber","type":"required"}}},"level":"error","message":"Error processing subscription 68e82d872493185515858634: SubscriptionOrder validation failed: orderNumber: Path `orderNumber` is required.","service":"subscription-service","stack":"ValidationError: SubscriptionOrder validation failed: orderNumber: Path `orderNumber` is required.\n    at Document.invalidate (C:\\Users\\AdityaPrasadYedida\\Downloads\\My_Project\\server\\node_modules\\mongoose\\lib\\document.js:3219:32)\n    at C:\\Users\\AdityaPrasadYedida\\Downloads\\My_Project\\server\\node_modules\\mongoose\\lib\\document.js:3012:17\n    at C:\\Users\\AdityaPrasadYedida\\Downloads\\My_Project\\server\\node_modules\\mongoose\\lib\\schematype.js:1368:9\n    at process.processTicksAndRejections (node:internal/process/task_queues:85:11)","timestamp":"2025-10-21 10:55:53"}
{"_message":"SubscriptionOrder validation failed","errors":{"orderNumber":{"kind":"required","message":"Path `orderNumber` is required.","name":"ValidatorError","path":"orderNumber","properties":{"message":"Path `orderNumber` is required.","path":"orderNumber","type":"required"}}},"level":"error","message":"Error in createSubscriptionOrder: SubscriptionOrder validation failed: orderNumber: Path `orderNumber` is required.","service":"subscription-service","stack":"ValidationError: SubscriptionOrder validation failed: orderNumber: Path `orderNumber` is required.\n    at Document.invalidate (C:\\Users\\AdityaPrasadYedida\\Downloads\\My_Project\\server\\node_modules\\mongoose\\lib\\document.js:3219:32)\n    at C:\\Users\\AdityaPrasadYedida\\Downloads\\My_Project\\server\\node_modules\\mongoose\\lib\\document.js:3012:17\n    at C:\\Users\\AdityaPrasadYedida\\Downloads\\My_Project\\server\\node_modules\\mongoose\\lib\\schematype.js:1368:9\n    at process.processTicksAndRejections (node:internal/process/task_queues:85:11)","timestamp":"2025-10-21 10:55:53"}
{"_message":"SubscriptionOrder validation failed","errors":{"orderNumber":{"kind":"required","message":"Path `orderNumber` is required.","name":"ValidatorError","path":"orderNumber","properties":{"message":"Path `orderNumber` is required.","path":"orderNumber","type":"required"}}},"level":"error","message":"Error processing subscription 68e831c9836fc37a18f42562: SubscriptionOrder validation failed: orderNumber: Path `orderNumber` is required.","service":"subscription-service","stack":"ValidationError: SubscriptionOrder validation failed: orderNumber: Path `orderNumber` is required.\n    at Document.invalidate (C:\\Users\\AdityaPrasadYedida\\Downloads\\My_Project\\server\\node_modules\\mongoose\\lib\\document.js:3219:32)\n    at C:\\Users\\AdityaPrasadYedida\\Downloads\\My_Project\\server\\node_modules\\mongoose\\lib\\document.js:3012:17\n    at C:\\Users\\AdityaPrasadYedida\\Downloads\\My_Project\\server\\node_modules\\mongoose\\lib\\schematype.js:1368:9\n    at process.processTicksAndRejections (node:internal/process/task_queues:85:11)","timestamp":"2025-10-21 10:55:53"}
{"level":"info","message":"Completed subscription processing. Orders created: 0, Errors: 2","service":"subscription-service","timestamp":"2025-10-21 10:55:53"}
{"level":"info","message":"Completed subscription processing in 0.35s. Processed: 2, Orders created: 0, Errors: 2","service":"subscription-service","timestamp":"2025-10-21 10:55:53"}
{"level":"info","message":"Starting subscription order processing","service":"subscription-service","timestamp":"2025-10-21 11:00:00"}
{"level":"info","message":"[2025-10-21T05:30:00.012Z] Starting subscription order processing","service":"subscription-service","timestamp":"2025-10-21 11:00:00"}
{"level":"info","message":"Found 2 subscriptions to process","service":"subscription-service","timestamp":"2025-10-21 11:00:00"}
{"_message":"SubscriptionOrder validation failed","errors":{"orderNumber":{"kind":"required","message":"Path `orderNumber` is required.","name":"ValidatorError","path":"orderNumber","properties":{"message":"Path `orderNumber` is required.","path":"orderNumber","type":"required"}}},"level":"error","message":"Error in createSubscriptionOrder: SubscriptionOrder validation failed: orderNumber: Path `orderNumber` is required.","service":"subscription-service","stack":"ValidationError: SubscriptionOrder validation failed: orderNumber: Path `orderNumber` is required.\n    at Document.invalidate (C:\\Users\\AdityaPrasadYedida\\Downloads\\My_Project\\server\\node_modules\\mongoose\\lib\\document.js:3219:32)\n    at C:\\Users\\AdityaPrasadYedida\\Downloads\\My_Project\\server\\node_modules\\mongoose\\lib\\document.js:3012:17\n    at C:\\Users\\AdityaPrasadYedida\\Downloads\\My_Project\\server\\node_modules\\mongoose\\lib\\schematype.js:1368:9\n    at process.processTicksAndRejections (node:internal/process/task_queues:85:11)","timestamp":"2025-10-21 11:00:00"}
{"_message":"SubscriptionOrder validation failed","errors":{"orderNumber":{"kind":"required","message":"Path `orderNumber` is required.","name":"ValidatorError","path":"orderNumber","properties":{"message":"Path `orderNumber` is required.","path":"orderNumber","type":"required"}}},"level":"error","message":"Error processing subscription 68e82d872493185515858634: SubscriptionOrder validation failed: orderNumber: Path `orderNumber` is required.","service":"subscription-service","stack":"ValidationError: SubscriptionOrder validation failed: orderNumber: Path `orderNumber` is required.\n    at Document.invalidate (C:\\Users\\AdityaPrasadYedida\\Downloads\\My_Project\\server\\node_modules\\mongoose\\lib\\document.js:3219:32)\n    at C:\\Users\\AdityaPrasadYedida\\Downloads\\My_Project\\server\\node_modules\\mongoose\\lib\\document.js:3012:17\n    at C:\\Users\\AdityaPrasadYedida\\Downloads\\My_Project\\server\\node_modules\\mongoose\\lib\\schematype.js:1368:9\n    at process.processTicksAndRejections (node:internal/process/task_queues:85:11)","timestamp":"2025-10-21 11:00:00"}
{"_message":"SubscriptionOrder validation failed","errors":{"orderNumber":{"kind":"required","message":"Path `orderNumber` is required.","name":"ValidatorError","path":"orderNumber","properties":{"message":"Path `orderNumber` is required.","path":"orderNumber","type":"required"}}},"level":"error","message":"Error in createSubscriptionOrder: SubscriptionOrder validation failed: orderNumber: Path `orderNumber` is required.","service":"subscription-service","stack":"ValidationError: SubscriptionOrder validation failed: orderNumber: Path `orderNumber` is required.\n    at Document.invalidate (C:\\Users\\AdityaPrasadYedida\\Downloads\\My_Project\\server\\node_modules\\mongoose\\lib\\document.js:3219:32)\n    at C:\\Users\\AdityaPrasadYedida\\Downloads\\My_Project\\server\\node_modules\\mongoose\\lib\\document.js:3012:17\n    at C:\\Users\\AdityaPrasadYedida\\Downloads\\My_Project\\server\\node_modules\\mongoose\\lib\\schematype.js:1368:9\n    at process.processTicksAndRejections (node:internal/process/task_queues:85:11)","timestamp":"2025-10-21 11:00:00"}
{"_message":"SubscriptionOrder validation failed","errors":{"orderNumber":{"kind":"required","message":"Path `orderNumber` is required.","name":"ValidatorError","path":"orderNumber","properties":{"message":"Path `orderNumber` is required.","path":"orderNumber","type":"required"}}},"level":"error","message":"Error processing subscription 68e831c9836fc37a18f42562: SubscriptionOrder validation failed: orderNumber: Path `orderNumber` is required.","service":"subscription-service","stack":"ValidationError: SubscriptionOrder validation failed: orderNumber: Path `orderNumber` is required.\n    at Document.invalidate (C:\\Users\\AdityaPrasadYedida\\Downloads\\My_Project\\server\\node_modules\\mongoose\\lib\\document.js:3219:32)\n    at C:\\Users\\AdityaPrasadYedida\\Downloads\\My_Project\\server\\node_modules\\mongoose\\lib\\document.js:3012:17\n    at C:\\Users\\AdityaPrasadYedida\\Downloads\\My_Project\\server\\node_modules\\mongoose\\lib\\schematype.js:1368:9\n    at process.processTicksAndRejections (node:internal/process/task_queues:85:11)","timestamp":"2025-10-21 11:00:00"}
{"level":"info","message":"Completed subscription processing. Orders created: 0, Errors: 2","service":"subscription-service","timestamp":"2025-10-21 11:00:00"}
{"level":"info","message":"Completed subscription processing in 0.08s. Processed: 2, Orders created: 0, Errors: 2","service":"subscription-service","timestamp":"2025-10-21 11:00:00"}
{"level":"info","message":"Starting subscription scheduler with schedule: */5 * * * *","service":"subscription-service","timestamp":"2025-10-21 11:02:08"}
{"level":"info","message":"Starting subscription order processing","service":"subscription-service","timestamp":"2025-10-21 11:02:08"}
{"level":"info","message":"[2025-10-21T05:32:08.726Z] Starting subscription order processing","service":"subscription-service","timestamp":"2025-10-21 11:02:08"}
{"level":"info","message":"Found 2 subscriptions to process","service":"subscription-service","timestamp":"2025-10-21 11:02:09"}
{"_message":"SubscriptionOrder validation failed","errors":{"orderNumber":{"kind":"required","message":"Path `orderNumber` is required.","name":"ValidatorError","path":"orderNumber","properties":{"message":"Path `orderNumber` is required.","path":"orderNumber","type":"required"}}},"level":"error","message":"Error in createSubscriptionOrder: SubscriptionOrder validation failed: orderNumber: Path `orderNumber` is required.","service":"subscription-service","stack":"ValidationError: SubscriptionOrder validation failed: orderNumber: Path `orderNumber` is required.\n    at Document.invalidate (C:\\Users\\AdityaPrasadYedida\\Downloads\\My_Project\\server\\node_modules\\mongoose\\lib\\document.js:3219:32)\n    at C:\\Users\\AdityaPrasadYedida\\Downloads\\My_Project\\server\\node_modules\\mongoose\\lib\\document.js:3012:17\n    at C:\\Users\\AdityaPrasadYedida\\Downloads\\My_Project\\server\\node_modules\\mongoose\\lib\\schematype.js:1368:9\n    at process.processTicksAndRejections (node:internal/process/task_queues:85:11)","timestamp":"2025-10-21 11:02:09"}
{"_message":"SubscriptionOrder validation failed","errors":{"orderNumber":{"kind":"required","message":"Path `orderNumber` is required.","name":"ValidatorError","path":"orderNumber","properties":{"message":"Path `orderNumber` is required.","path":"orderNumber","type":"required"}}},"level":"error","message":"Error processing subscription 68e82d872493185515858634: SubscriptionOrder validation failed: orderNumber: Path `orderNumber` is required.","service":"subscription-service","stack":"ValidationError: SubscriptionOrder validation failed: orderNumber: Path `orderNumber` is required.\n    at Document.invalidate (C:\\Users\\AdityaPrasadYedida\\Downloads\\My_Project\\server\\node_modules\\mongoose\\lib\\document.js:3219:32)\n    at C:\\Users\\AdityaPrasadYedida\\Downloads\\My_Project\\server\\node_modules\\mongoose\\lib\\document.js:3012:17\n    at C:\\Users\\AdityaPrasadYedida\\Downloads\\My_Project\\server\\node_modules\\mongoose\\lib\\schematype.js:1368:9\n    at process.processTicksAndRejections (node:internal/process/task_queues:85:11)","timestamp":"2025-10-21 11:02:09"}
{"_message":"SubscriptionOrder validation failed","errors":{"orderNumber":{"kind":"required","message":"Path `orderNumber` is required.","name":"ValidatorError","path":"orderNumber","properties":{"message":"Path `orderNumber` is required.","path":"orderNumber","type":"required"}}},"level":"error","message":"Error in createSubscriptionOrder: SubscriptionOrder validation failed: orderNumber: Path `orderNumber` is required.","service":"subscription-service","stack":"ValidationError: SubscriptionOrder validation failed: orderNumber: Path `orderNumber` is required.\n    at Document.invalidate (C:\\Users\\AdityaPrasadYedida\\Downloads\\My_Project\\server\\node_modules\\mongoose\\lib\\document.js:3219:32)\n    at C:\\Users\\AdityaPrasadYedida\\Downloads\\My_Project\\server\\node_modules\\mongoose\\lib\\document.js:3012:17\n    at C:\\Users\\AdityaPrasadYedida\\Downloads\\My_Project\\server\\node_modules\\mongoose\\lib\\schematype.js:1368:9\n    at process.processTicksAndRejections (node:internal/process/task_queues:85:11)","timestamp":"2025-10-21 11:02:09"}
{"_message":"SubscriptionOrder validation failed","errors":{"orderNumber":{"kind":"required","message":"Path `orderNumber` is required.","name":"ValidatorError","path":"orderNumber","properties":{"message":"Path `orderNumber` is required.","path":"orderNumber","type":"required"}}},"level":"error","message":"Error processing subscription 68e831c9836fc37a18f42562: SubscriptionOrder validation failed: orderNumber: Path `orderNumber` is required.","service":"subscription-service","stack":"ValidationError: SubscriptionOrder validation failed: orderNumber: Path `orderNumber` is required.\n    at Document.invalidate (C:\\Users\\AdityaPrasadYedida\\Downloads\\My_Project\\server\\node_modules\\mongoose\\lib\\document.js:3219:32)\n    at C:\\Users\\AdityaPrasadYedida\\Downloads\\My_Project\\server\\node_modules\\mongoose\\lib\\document.js:3012:17\n    at C:\\Users\\AdityaPrasadYedida\\Downloads\\My_Project\\server\\node_modules\\mongoose\\lib\\schematype.js:1368:9\n    at process.processTicksAndRejections (node:internal/process/task_queues:85:11)","timestamp":"2025-10-21 11:02:09"}
{"level":"info","message":"Completed subscription processing. Orders created: 0, Errors: 2","service":"subscription-service","timestamp":"2025-10-21 11:02:09"}
{"level":"info","message":"Completed subscription processing in 0.42s. Processed: 2, Orders created: 0, Errors: 2","service":"subscription-service","timestamp":"2025-10-21 11:02:09"}
{"level":"info","message":"Starting subscription order processing","service":"subscription-service","timestamp":"2025-10-21 11:05:00"}
{"level":"info","message":"[2025-10-21T05:35:00.022Z] Starting subscription order processing","service":"subscription-service","timestamp":"2025-10-21 11:05:00"}
{"level":"info","message":"Found 2 subscriptions to process","service":"subscription-service","timestamp":"2025-10-21 11:05:00"}
{"_message":"SubscriptionOrder validation failed","errors":{"orderNumber":{"kind":"required","message":"Path `orderNumber` is required.","name":"ValidatorError","path":"orderNumber","properties":{"message":"Path `orderNumber` is required.","path":"orderNumber","type":"required"}}},"level":"error","message":"Error in createSubscriptionOrder: SubscriptionOrder validation failed: orderNumber: Path `orderNumber` is required.","service":"subscription-service","stack":"ValidationError: SubscriptionOrder validation failed: orderNumber: Path `orderNumber` is required.\n    at Document.invalidate (C:\\Users\\AdityaPrasadYedida\\Downloads\\My_Project\\server\\node_modules\\mongoose\\lib\\document.js:3219:32)\n    at C:\\Users\\AdityaPrasadYedida\\Downloads\\My_Project\\server\\node_modules\\mongoose\\lib\\document.js:3012:17\n    at C:\\Users\\AdityaPrasadYedida\\Downloads\\My_Project\\server\\node_modules\\mongoose\\lib\\schematype.js:1368:9\n    at process.processTicksAndRejections (node:internal/process/task_queues:85:11)","timestamp":"2025-10-21 11:05:00"}
{"_message":"SubscriptionOrder validation failed","errors":{"orderNumber":{"kind":"required","message":"Path `orderNumber` is required.","name":"ValidatorError","path":"orderNumber","properties":{"message":"Path `orderNumber` is required.","path":"orderNumber","type":"required"}}},"level":"error","message":"Error processing subscription 68e82d872493185515858634: SubscriptionOrder validation failed: orderNumber: Path `orderNumber` is required.","service":"subscription-service","stack":"ValidationError: SubscriptionOrder validation failed: orderNumber: Path `orderNumber` is required.\n    at Document.invalidate (C:\\Users\\AdityaPrasadYedida\\Downloads\\My_Project\\server\\node_modules\\mongoose\\lib\\document.js:3219:32)\n    at C:\\Users\\AdityaPrasadYedida\\Downloads\\My_Project\\server\\node_modules\\mongoose\\lib\\document.js:3012:17\n    at C:\\Users\\AdityaPrasadYedida\\Downloads\\My_Project\\server\\node_modules\\mongoose\\lib\\schematype.js:1368:9\n    at process.processTicksAndRejections (node:internal/process/task_queues:85:11)","timestamp":"2025-10-21 11:05:00"}
{"_message":"SubscriptionOrder validation failed","errors":{"orderNumber":{"kind":"required","message":"Path `orderNumber` is required.","name":"ValidatorError","path":"orderNumber","properties":{"message":"Path `orderNumber` is required.","path":"orderNumber","type":"required"}}},"level":"error","message":"Error in createSubscriptionOrder: SubscriptionOrder validation failed: orderNumber: Path `orderNumber` is required.","service":"subscription-service","stack":"ValidationError: SubscriptionOrder validation failed: orderNumber: Path `orderNumber` is required.\n    at Document.invalidate (C:\\Users\\AdityaPrasadYedida\\Downloads\\My_Project\\server\\node_modules\\mongoose\\lib\\document.js:3219:32)\n    at C:\\Users\\AdityaPrasadYedida\\Downloads\\My_Project\\server\\node_modules\\mongoose\\lib\\document.js:3012:17\n    at C:\\Users\\AdityaPrasadYedida\\Downloads\\My_Project\\server\\node_modules\\mongoose\\lib\\schematype.js:1368:9\n    at process.processTicksAndRejections (node:internal/process/task_queues:85:11)","timestamp":"2025-10-21 11:05:00"}
{"_message":"SubscriptionOrder validation failed","errors":{"orderNumber":{"kind":"required","message":"Path `orderNumber` is required.","name":"ValidatorError","path":"orderNumber","properties":{"message":"Path `orderNumber` is required.","path":"orderNumber","type":"required"}}},"level":"error","message":"Error processing subscription 68e831c9836fc37a18f42562: SubscriptionOrder validation failed: orderNumber: Path `orderNumber` is required.","service":"subscription-service","stack":"ValidationError: SubscriptionOrder validation failed: orderNumber: Path `orderNumber` is required.\n    at Document.invalidate (C:\\Users\\AdityaPrasadYedida\\Downloads\\My_Project\\server\\node_modules\\mongoose\\lib\\document.js:3219:32)\n    at C:\\Users\\AdityaPrasadYedida\\Downloads\\My_Project\\server\\node_modules\\mongoose\\lib\\document.js:3012:17\n    at C:\\Users\\AdityaPrasadYedida\\Downloads\\My_Project\\server\\node_modules\\mongoose\\lib\\schematype.js:1368:9\n    at process.processTicksAndRejections (node:internal/process/task_queues:85:11)","timestamp":"2025-10-21 11:05:00"}
{"level":"info","message":"Completed subscription processing. Orders created: 0, Errors: 2","service":"subscription-service","timestamp":"2025-10-21 11:05:00"}
{"level":"info","message":"Completed subscription processing in 0.07s. Processed: 2, Orders created: 0, Errors: 2","service":"subscription-service","timestamp":"2025-10-21 11:05:00"}
